  dada.notation.c
C:\Program Files (x86)\Microsoft Visual Studio\2017\Community\VC\Tools\MSVC\14.11.25503\include\xlocale(314): warning C4530: C++ exception handler used, but unwind semantics are not enabled. Specify /EHsc
C:\Users\andag\Documents\Max 7\Packages\bach\source\commons\foundation/bach_threads.h(92): warning C4163: '_InterlockedIncrement64': not available as an intrinsic function
C:\Users\andag\Documents\Max 7\Packages\bach\source\commons\foundation/bach_threads.h(93): warning C4163: '_InterlockedDecrement64': not available as an intrinsic function
C:\Users\andag\Documents\Max 7\Packages\bach\source\commons\math/llll_math.h(48): warning C4273: 'cbrt': inconsistent dll linkage
  C:\Program Files (x86)\Windows Kits\10\Include\10.0.10240.0\ucrt\math.h(483): note: see previous definition of 'cbrt'
C:\Users\andag\Documents\Max 7\Packages\bach\source\commons\math/llll_math.h(51): warning C4273: 'exp2': inconsistent dll linkage
  C:\Program Files (x86)\Windows Kits\10\Include\10.0.10240.0\ucrt\math.h(490): note: see previous definition of 'exp2'
C:\Users\andag\Documents\Max 7\Packages\bach\source\commons\math/llll_math.h(53): warning C4273: 'log2': inconsistent dll linkage
  C:\Program Files (x86)\Windows Kits\10\Include\10.0.10240.0\ucrt\math.h(506): note: see previous definition of 'log2'
C:\Users\andag\Documents\Max 7\Packages\bach\source\commons\math/llll_math.h(54): warning C4273: 'acosh': inconsistent dll linkage
  C:\Program Files (x86)\Windows Kits\10\Include\10.0.10240.0\ucrt\math.h(477): note: see previous definition of 'acosh'
C:\Users\andag\Documents\Max 7\Packages\bach\source\commons\math/llll_math.h(55): warning C4273: 'asinh': inconsistent dll linkage
  C:\Program Files (x86)\Windows Kits\10\Include\10.0.10240.0\ucrt\math.h(478): note: see previous definition of 'asinh'
C:\Users\andag\Documents\Max 7\Packages\bach\source\commons\math/llll_math.h(56): warning C4273: 'atanh': inconsistent dll linkage
  C:\Program Files (x86)\Windows Kits\10\Include\10.0.10240.0\ucrt\math.h(479): note: see previous definition of 'atanh'
C:\Users\andag\Documents\Max 7\Packages\bach\source\commons\math/llll_math.h(57): warning C4273: 'round': inconsistent dll linkage
  C:\Program Files (x86)\Windows Kits\10\Include\10.0.10240.0\ucrt\math.h(521): note: see previous definition of 'round'
C:\Users\andag\Documents\Max 7\Packages\bach\source\commons\math/llll_math.h(58): warning C4273: 'trunc': inconsistent dll linkage
  C:\Program Files (x86)\Windows Kits\10\Include\10.0.10240.0\ucrt\math.h(525): note: see previous definition of 'trunc'
C:\Users\andag\Documents\Max 7\Packages\bach\source\commons\parsers/bach_parser.hpp(152): warning C4244: 'argument': conversion from 'long' to 'const t_atom_short', possible loss of data
c:\users\andag\documents\max 7\packages\max-sdk-7.3.3\source\c74support\jit-includes\jit.platform.h(144): warning C4005: 'pascal': macro redefinition
  C:\Program Files (x86)\Microsoft SDKs\Windows\v7.1A\include\windef.h(94): note: see previous definition of 'pascal'
C:\Users\andag\Documents\Max 7\Packages\bach\source\commons\math/bach_rat.hpp(125): warning C4244: '+=': conversion from 't_atom_long' to 't_atom_short', possible loss of data
  C:\Users\andag\Documents\Max 7\Packages\bach\source\commons\math/bach_rat.hpp(166): note: see reference to function template instantiation 't_rat<t_atom_short> &t_rat<t_atom_short>::operator +=<U>(const U)' being compiled
          with
          [
              U=t_atom_long
          ]
  C:\Users\andag\Documents\Max 7\Packages\bach\source\commons\math/bach_rat.hpp(166): note: see reference to function template instantiation 't_rat<t_atom_short> &t_rat<t_atom_short>::operator +=<U>(const U)' being compiled
          with
          [
              U=t_atom_long
          ]
  C:\Users\andag\Documents\Max 7\Packages\bach\source\commons\math/bach_rat.hpp(207): note: see reference to function template instantiation 'const t_rat<t_atom_short> t_rat<t_atom_short>::operator +<U>(const U) const' being compiled
          with
          [
              U=t_atom_long
          ]
  C:\Users\andag\Documents\Max 7\Packages\bach\source\commons\math/bach_rat.hpp(207): note: see reference to function template instantiation 'const t_rat<t_atom_short> t_rat<t_atom_short>::operator +<U>(const U) const' being compiled
          with
          [
              U=t_atom_long
          ]
  C:\Users\andag\Documents\Max 7\Packages\bach\source\commons\math/bach_pitch.hpp(256): note: see reference to function template instantiation 'const t_rat<t_atom_short> operator +<t_atom_long>(const U,const t_rat<t_atom_short> &)' being compiled
          with
          [
              U=t_atom_long
          ]
C:\Program Files (x86)\Microsoft Visual Studio\2017\Community\VC\Tools\MSVC\14.11.25503\include\cstddef(31): warning C4577: 'noexcept' used with no exception handling mode specified; termination on exception is not guaranteed. Specify /EHsc
  dada.graphs.h
C:\Program Files (x86)\Microsoft Visual Studio\2017\Community\VC\Tools\MSVC\14.11.25503\include\xlocale(314): warning C4530: C++ exception handler used, but unwind semantics are not enabled. Specify /EHsc
C:\Users\andag\Documents\Max 7\Packages\bach\source\commons\foundation/bach_threads.h(92): warning C4163: '_InterlockedIncrement64': not available as an intrinsic function
C:\Users\andag\Documents\Max 7\Packages\bach\source\commons\foundation/bach_threads.h(93): warning C4163: '_InterlockedDecrement64': not available as an intrinsic function
C:\Users\andag\Documents\Max 7\Packages\bach\source\commons\math/llll_math.h(48): warning C4273: 'cbrt': inconsistent dll linkage
  C:\Program Files (x86)\Windows Kits\10\Include\10.0.10240.0\ucrt\math.h(483): note: see previous definition of 'cbrt'
C:\Users\andag\Documents\Max 7\Packages\bach\source\commons\math/llll_math.h(51): warning C4273: 'exp2': inconsistent dll linkage
  C:\Program Files (x86)\Windows Kits\10\Include\10.0.10240.0\ucrt\math.h(490): note: see previous definition of 'exp2'
C:\Users\andag\Documents\Max 7\Packages\bach\source\commons\math/llll_math.h(53): warning C4273: 'log2': inconsistent dll linkage
  C:\Program Files (x86)\Windows Kits\10\Include\10.0.10240.0\ucrt\math.h(506): note: see previous definition of 'log2'
C:\Users\andag\Documents\Max 7\Packages\bach\source\commons\math/llll_math.h(54): warning C4273: 'acosh': inconsistent dll linkage
  C:\Program Files (x86)\Windows Kits\10\Include\10.0.10240.0\ucrt\math.h(477): note: see previous definition of 'acosh'
C:\Users\andag\Documents\Max 7\Packages\bach\source\commons\math/llll_math.h(55): warning C4273: 'asinh': inconsistent dll linkage
  C:\Program Files (x86)\Windows Kits\10\Include\10.0.10240.0\ucrt\math.h(478): note: see previous definition of 'asinh'
C:\Users\andag\Documents\Max 7\Packages\bach\source\commons\math/llll_math.h(56): warning C4273: 'atanh': inconsistent dll linkage
  C:\Program Files (x86)\Windows Kits\10\Include\10.0.10240.0\ucrt\math.h(479): note: see previous definition of 'atanh'
C:\Users\andag\Documents\Max 7\Packages\bach\source\commons\math/llll_math.h(57): warning C4273: 'round': inconsistent dll linkage
  C:\Program Files (x86)\Windows Kits\10\Include\10.0.10240.0\ucrt\math.h(521): note: see previous definition of 'round'
C:\Users\andag\Documents\Max 7\Packages\bach\source\commons\math/llll_math.h(58): warning C4273: 'trunc': inconsistent dll linkage
  C:\Program Files (x86)\Windows Kits\10\Include\10.0.10240.0\ucrt\math.h(525): note: see previous definition of 'trunc'
C:\Users\andag\Documents\Max 7\Packages\bach\source\commons\parsers/bach_parser.hpp(152): warning C4244: 'argument': conversion from 'long' to 'const t_atom_short', possible loss of data
c:\users\andag\documents\max 7\packages\max-sdk-7.3.3\source\c74support\jit-includes\jit.platform.h(144): warning C4005: 'pascal': macro redefinition
  C:\Program Files (x86)\Microsoft SDKs\Windows\v7.1A\include\windef.h(94): note: see previous definition of 'pascal'
C:\Users\andag\Documents\Max 7\Packages\bach\source\commons\math/bach_rat.hpp(125): warning C4244: '+=': conversion from 't_atom_long' to 't_atom_short', possible loss of data
  C:\Users\andag\Documents\Max 7\Packages\bach\source\commons\math/bach_rat.hpp(166): note: see reference to function template instantiation 't_rat<t_atom_short> &t_rat<t_atom_short>::operator +=<U>(const U)' being compiled
          with
          [
              U=t_atom_long
          ]
  C:\Users\andag\Documents\Max 7\Packages\bach\source\commons\math/bach_rat.hpp(166): note: see reference to function template instantiation 't_rat<t_atom_short> &t_rat<t_atom_short>::operator +=<U>(const U)' being compiled
          with
          [
              U=t_atom_long
          ]
  C:\Users\andag\Documents\Max 7\Packages\bach\source\commons\math/bach_rat.hpp(207): note: see reference to function template instantiation 'const t_rat<t_atom_short> t_rat<t_atom_short>::operator +<U>(const U) const' being compiled
          with
          [
              U=t_atom_long
          ]
  C:\Users\andag\Documents\Max 7\Packages\bach\source\commons\math/bach_rat.hpp(207): note: see reference to function template instantiation 'const t_rat<t_atom_short> t_rat<t_atom_short>::operator +<U>(const U) const' being compiled
          with
          [
              U=t_atom_long
          ]
  C:\Users\andag\Documents\Max 7\Packages\bach\source\commons\math/bach_pitch.hpp(256): note: see reference to function template instantiation 'const t_rat<t_atom_short> operator +<t_atom_long>(const U,const t_rat<t_atom_short> &)' being compiled
          with
          [
              U=t_atom_long
          ]
C:\Program Files (x86)\Microsoft Visual Studio\2017\Community\VC\Tools\MSVC\14.11.25503\include\cstddef(31): warning C4577: 'noexcept' used with no exception handling mode specified; termination on exception is not guaranteed. Specify /EHsc
  dada.graphs.c
C:\Program Files (x86)\Microsoft Visual Studio\2017\Community\VC\Tools\MSVC\14.11.25503\include\xlocale(314): warning C4530: C++ exception handler used, but unwind semantics are not enabled. Specify /EHsc
C:\Users\andag\Documents\Max 7\Packages\bach\source\commons\foundation/bach_threads.h(92): warning C4163: '_InterlockedIncrement64': not available as an intrinsic function
C:\Users\andag\Documents\Max 7\Packages\bach\source\commons\foundation/bach_threads.h(93): warning C4163: '_InterlockedDecrement64': not available as an intrinsic function
C:\Users\andag\Documents\Max 7\Packages\bach\source\commons\math/llll_math.h(48): warning C4273: 'cbrt': inconsistent dll linkage
  C:\Program Files (x86)\Windows Kits\10\Include\10.0.10240.0\ucrt\math.h(483): note: see previous definition of 'cbrt'
C:\Users\andag\Documents\Max 7\Packages\bach\source\commons\math/llll_math.h(51): warning C4273: 'exp2': inconsistent dll linkage
  C:\Program Files (x86)\Windows Kits\10\Include\10.0.10240.0\ucrt\math.h(490): note: see previous definition of 'exp2'
C:\Users\andag\Documents\Max 7\Packages\bach\source\commons\math/llll_math.h(53): warning C4273: 'log2': inconsistent dll linkage
  C:\Program Files (x86)\Windows Kits\10\Include\10.0.10240.0\ucrt\math.h(506): note: see previous definition of 'log2'
C:\Users\andag\Documents\Max 7\Packages\bach\source\commons\math/llll_math.h(54): warning C4273: 'acosh': inconsistent dll linkage
  C:\Program Files (x86)\Windows Kits\10\Include\10.0.10240.0\ucrt\math.h(477): note: see previous definition of 'acosh'
C:\Users\andag\Documents\Max 7\Packages\bach\source\commons\math/llll_math.h(55): warning C4273: 'asinh': inconsistent dll linkage
  C:\Program Files (x86)\Windows Kits\10\Include\10.0.10240.0\ucrt\math.h(478): note: see previous definition of 'asinh'
C:\Users\andag\Documents\Max 7\Packages\bach\source\commons\math/llll_math.h(56): warning C4273: 'atanh': inconsistent dll linkage
  C:\Program Files (x86)\Windows Kits\10\Include\10.0.10240.0\ucrt\math.h(479): note: see previous definition of 'atanh'
C:\Users\andag\Documents\Max 7\Packages\bach\source\commons\math/llll_math.h(57): warning C4273: 'round': inconsistent dll linkage
  C:\Program Files (x86)\Windows Kits\10\Include\10.0.10240.0\ucrt\math.h(521): note: see previous definition of 'round'
C:\Users\andag\Documents\Max 7\Packages\bach\source\commons\math/llll_math.h(58): warning C4273: 'trunc': inconsistent dll linkage
  C:\Program Files (x86)\Windows Kits\10\Include\10.0.10240.0\ucrt\math.h(525): note: see previous definition of 'trunc'
C:\Users\andag\Documents\Max 7\Packages\bach\source\commons\parsers/bach_parser.hpp(152): warning C4244: 'argument': conversion from 'long' to 'const t_atom_short', possible loss of data
c:\users\andag\documents\max 7\packages\max-sdk-7.3.3\source\c74support\jit-includes\jit.platform.h(144): warning C4005: 'pascal': macro redefinition
  C:\Program Files (x86)\Microsoft SDKs\Windows\v7.1A\include\windef.h(94): note: see previous definition of 'pascal'
..\..\commons\dada.graphs.c(246): warning C4244: '=': conversion from 'double' to 'long', possible loss of data
..\..\commons\dada.graphs.c(295): warning C4244: '=': conversion from 'double' to 'long', possible loss of data
..\..\commons\dada.graphs.c(965): warning C4244: '=': conversion from 'double' to 'long', possible loss of data
..\..\commons\dada.graphs.c(983): warning C4244: '=': conversion from 'double' to 'long', possible loss of data
..\..\commons\dada.graphs.c(1175): warning C4244: '=': conversion from 'double' to 'long', possible loss of data
..\..\commons\dada.graphs.c(1520): warning C4244: '=': conversion from 'double' to 'long', possible loss of data
..\..\commons\dada.graphs.c(1523): warning C4244: '=': conversion from 'double' to 'long', possible loss of data
C:\Users\andag\Documents\Max 7\Packages\bach\source\commons\math/bach_rat.hpp(125): warning C4244: '+=': conversion from 't_atom_long' to 't_atom_short', possible loss of data
  C:\Users\andag\Documents\Max 7\Packages\bach\source\commons\math/bach_rat.hpp(166): note: see reference to function template instantiation 't_rat<t_atom_short> &t_rat<t_atom_short>::operator +=<U>(const U)' being compiled
          with
          [
              U=t_atom_long
          ]
  C:\Users\andag\Documents\Max 7\Packages\bach\source\commons\math/bach_rat.hpp(166): note: see reference to function template instantiation 't_rat<t_atom_short> &t_rat<t_atom_short>::operator +=<U>(const U)' being compiled
          with
          [
              U=t_atom_long
          ]
  C:\Users\andag\Documents\Max 7\Packages\bach\source\commons\math/bach_rat.hpp(207): note: see reference to function template instantiation 'const t_rat<t_atom_short> t_rat<t_atom_short>::operator +<U>(const U) const' being compiled
          with
          [
              U=t_atom_long
          ]
  C:\Users\andag\Documents\Max 7\Packages\bach\source\commons\math/bach_rat.hpp(207): note: see reference to function template instantiation 'const t_rat<t_atom_short> t_rat<t_atom_short>::operator +<U>(const U) const' being compiled
          with
          [
              U=t_atom_long
          ]
  C:\Users\andag\Documents\Max 7\Packages\bach\source\commons\math/bach_pitch.hpp(256): note: see reference to function template instantiation 'const t_rat<t_atom_short> operator +<t_atom_long>(const U,const t_rat<t_atom_short> &)' being compiled
          with
          [
              U=t_atom_long
          ]
C:\Program Files (x86)\Microsoft Visual Studio\2017\Community\VC\Tools\MSVC\14.11.25503\include\cstddef(31): warning C4577: 'noexcept' used with no exception handling mode specified; termination on exception is not guaranteed. Specify /EHsc
  dada.geometry.h
C:\Program Files (x86)\Microsoft Visual Studio\2017\Community\VC\Tools\MSVC\14.11.25503\include\xlocale(314): warning C4530: C++ exception handler used, but unwind semantics are not enabled. Specify /EHsc
C:\Users\andag\Documents\Max 7\Packages\bach\source\commons\foundation/bach_threads.h(92): warning C4163: '_InterlockedIncrement64': not available as an intrinsic function
C:\Users\andag\Documents\Max 7\Packages\bach\source\commons\foundation/bach_threads.h(93): warning C4163: '_InterlockedDecrement64': not available as an intrinsic function
C:\Users\andag\Documents\Max 7\Packages\bach\source\commons\math/llll_math.h(48): warning C4273: 'cbrt': inconsistent dll linkage
  C:\Program Files (x86)\Windows Kits\10\Include\10.0.10240.0\ucrt\math.h(483): note: see previous definition of 'cbrt'
C:\Users\andag\Documents\Max 7\Packages\bach\source\commons\math/llll_math.h(51): warning C4273: 'exp2': inconsistent dll linkage
  C:\Program Files (x86)\Windows Kits\10\Include\10.0.10240.0\ucrt\math.h(490): note: see previous definition of 'exp2'
C:\Users\andag\Documents\Max 7\Packages\bach\source\commons\math/llll_math.h(53): warning C4273: 'log2': inconsistent dll linkage
  C:\Program Files (x86)\Windows Kits\10\Include\10.0.10240.0\ucrt\math.h(506): note: see previous definition of 'log2'
C:\Users\andag\Documents\Max 7\Packages\bach\source\commons\math/llll_math.h(54): warning C4273: 'acosh': inconsistent dll linkage
  C:\Program Files (x86)\Windows Kits\10\Include\10.0.10240.0\ucrt\math.h(477): note: see previous definition of 'acosh'
C:\Users\andag\Documents\Max 7\Packages\bach\source\commons\math/llll_math.h(55): warning C4273: 'asinh': inconsistent dll linkage
  C:\Program Files (x86)\Windows Kits\10\Include\10.0.10240.0\ucrt\math.h(478): note: see previous definition of 'asinh'
C:\Users\andag\Documents\Max 7\Packages\bach\source\commons\math/llll_math.h(56): warning C4273: 'atanh': inconsistent dll linkage
  C:\Program Files (x86)\Windows Kits\10\Include\10.0.10240.0\ucrt\math.h(479): note: see previous definition of 'atanh'
C:\Users\andag\Documents\Max 7\Packages\bach\source\commons\math/llll_math.h(57): warning C4273: 'round': inconsistent dll linkage
  C:\Program Files (x86)\Windows Kits\10\Include\10.0.10240.0\ucrt\math.h(521): note: see previous definition of 'round'
C:\Users\andag\Documents\Max 7\Packages\bach\source\commons\math/llll_math.h(58): warning C4273: 'trunc': inconsistent dll linkage
  C:\Program Files (x86)\Windows Kits\10\Include\10.0.10240.0\ucrt\math.h(525): note: see previous definition of 'trunc'
C:\Users\andag\Documents\Max 7\Packages\bach\source\commons\parsers/bach_parser.hpp(152): warning C4244: 'argument': conversion from 'long' to 'const t_atom_short', possible loss of data
c:\users\andag\documents\max 7\packages\max-sdk-7.3.3\source\c74support\jit-includes\jit.platform.h(144): warning C4005: 'pascal': macro redefinition
  C:\Program Files (x86)\Microsoft SDKs\Windows\v7.1A\include\windef.h(94): note: see previous definition of 'pascal'
C:\Users\andag\Documents\Max 7\Packages\bach\source\commons\math/bach_rat.hpp(125): warning C4244: '+=': conversion from 't_atom_long' to 't_atom_short', possible loss of data
  C:\Users\andag\Documents\Max 7\Packages\bach\source\commons\math/bach_rat.hpp(166): note: see reference to function template instantiation 't_rat<t_atom_short> &t_rat<t_atom_short>::operator +=<U>(const U)' being compiled
          with
          [
              U=t_atom_long
          ]
  C:\Users\andag\Documents\Max 7\Packages\bach\source\commons\math/bach_rat.hpp(166): note: see reference to function template instantiation 't_rat<t_atom_short> &t_rat<t_atom_short>::operator +=<U>(const U)' being compiled
          with
          [
              U=t_atom_long
          ]
  C:\Users\andag\Documents\Max 7\Packages\bach\source\commons\math/bach_rat.hpp(207): note: see reference to function template instantiation 'const t_rat<t_atom_short> t_rat<t_atom_short>::operator +<U>(const U) const' being compiled
          with
          [
              U=t_atom_long
          ]
  C:\Users\andag\Documents\Max 7\Packages\bach\source\commons\math/bach_rat.hpp(207): note: see reference to function template instantiation 'const t_rat<t_atom_short> t_rat<t_atom_short>::operator +<U>(const U) const' being compiled
          with
          [
              U=t_atom_long
          ]
  C:\Users\andag\Documents\Max 7\Packages\bach\source\commons\math/bach_pitch.hpp(256): note: see reference to function template instantiation 'const t_rat<t_atom_short> operator +<t_atom_long>(const U,const t_rat<t_atom_short> &)' being compiled
          with
          [
              U=t_atom_long
          ]
C:\Program Files (x86)\Microsoft Visual Studio\2017\Community\VC\Tools\MSVC\14.11.25503\include\cstddef(31): warning C4577: 'noexcept' used with no exception handling mode specified; termination on exception is not guaranteed. Specify /EHsc
  dada.geometry.c
C:\Program Files (x86)\Microsoft Visual Studio\2017\Community\VC\Tools\MSVC\14.11.25503\include\xlocale(314): warning C4530: C++ exception handler used, but unwind semantics are not enabled. Specify /EHsc
C:\Users\andag\Documents\Max 7\Packages\bach\source\commons\foundation/bach_threads.h(92): warning C4163: '_InterlockedIncrement64': not available as an intrinsic function
C:\Users\andag\Documents\Max 7\Packages\bach\source\commons\foundation/bach_threads.h(93): warning C4163: '_InterlockedDecrement64': not available as an intrinsic function
C:\Users\andag\Documents\Max 7\Packages\bach\source\commons\math/llll_math.h(48): warning C4273: 'cbrt': inconsistent dll linkage
  C:\Program Files (x86)\Windows Kits\10\Include\10.0.10240.0\ucrt\math.h(483): note: see previous definition of 'cbrt'
C:\Users\andag\Documents\Max 7\Packages\bach\source\commons\math/llll_math.h(51): warning C4273: 'exp2': inconsistent dll linkage
  C:\Program Files (x86)\Windows Kits\10\Include\10.0.10240.0\ucrt\math.h(490): note: see previous definition of 'exp2'
C:\Users\andag\Documents\Max 7\Packages\bach\source\commons\math/llll_math.h(53): warning C4273: 'log2': inconsistent dll linkage
  C:\Program Files (x86)\Windows Kits\10\Include\10.0.10240.0\ucrt\math.h(506): note: see previous definition of 'log2'
C:\Users\andag\Documents\Max 7\Packages\bach\source\commons\math/llll_math.h(54): warning C4273: 'acosh': inconsistent dll linkage
  C:\Program Files (x86)\Windows Kits\10\Include\10.0.10240.0\ucrt\math.h(477): note: see previous definition of 'acosh'
C:\Users\andag\Documents\Max 7\Packages\bach\source\commons\math/llll_math.h(55): warning C4273: 'asinh': inconsistent dll linkage
  C:\Program Files (x86)\Windows Kits\10\Include\10.0.10240.0\ucrt\math.h(478): note: see previous definition of 'asinh'
C:\Users\andag\Documents\Max 7\Packages\bach\source\commons\math/llll_math.h(56): warning C4273: 'atanh': inconsistent dll linkage
  C:\Program Files (x86)\Windows Kits\10\Include\10.0.10240.0\ucrt\math.h(479): note: see previous definition of 'atanh'
C:\Users\andag\Documents\Max 7\Packages\bach\source\commons\math/llll_math.h(57): warning C4273: 'round': inconsistent dll linkage
  C:\Program Files (x86)\Windows Kits\10\Include\10.0.10240.0\ucrt\math.h(521): note: see previous definition of 'round'
C:\Users\andag\Documents\Max 7\Packages\bach\source\commons\math/llll_math.h(58): warning C4273: 'trunc': inconsistent dll linkage
  C:\Program Files (x86)\Windows Kits\10\Include\10.0.10240.0\ucrt\math.h(525): note: see previous definition of 'trunc'
C:\Users\andag\Documents\Max 7\Packages\bach\source\commons\parsers/bach_parser.hpp(152): warning C4244: 'argument': conversion from 'long' to 'const t_atom_short', possible loss of data
c:\users\andag\documents\max 7\packages\max-sdk-7.3.3\source\c74support\jit-includes\jit.platform.h(144): warning C4005: 'pascal': macro redefinition
  C:\Program Files (x86)\Microsoft SDKs\Windows\v7.1A\include\windef.h(94): note: see previous definition of 'pascal'
..\..\commons\dada.geometry.c(368): warning C4244: 'return': conversion from 'long' to 'char', possible loss of data
..\..\commons\dada.geometry.c(447): warning C4244: 'initializing': conversion from 'double' to 'float', possible loss of data
..\..\commons\dada.geometry.c(448): warning C4244: 'initializing': conversion from 'double' to 'float', possible loss of data
..\..\commons\dada.geometry.c(449): warning C4244: 'initializing': conversion from 'double' to 'float', possible loss of data
..\..\commons\dada.geometry.c(450): warning C4244: 'initializing': conversion from 'double' to 'float', possible loss of data
..\..\commons\dada.geometry.c(451): warning C4244: 'initializing': conversion from 'double' to 'float', possible loss of data
..\..\commons\dada.geometry.c(457): warning C4244: 'initializing': conversion from 'double' to 'float', possible loss of data
..\..\commons\dada.geometry.c(576): warning C4244: 'return': conversion from 'long' to 'char', possible loss of data
..\..\commons\dada.geometry.c(789): warning C4244: 'initializing': conversion from 'double' to 'int', possible loss of data
C:\Users\andag\Documents\Max 7\Packages\bach\source\commons\math/bach_rat.hpp(125): warning C4244: '+=': conversion from 't_atom_long' to 't_atom_short', possible loss of data
  C:\Users\andag\Documents\Max 7\Packages\bach\source\commons\math/bach_rat.hpp(166): note: see reference to function template instantiation 't_rat<t_atom_short> &t_rat<t_atom_short>::operator +=<U>(const U)' being compiled
          with
          [
              U=t_atom_long
          ]
  C:\Users\andag\Documents\Max 7\Packages\bach\source\commons\math/bach_rat.hpp(166): note: see reference to function template instantiation 't_rat<t_atom_short> &t_rat<t_atom_short>::operator +=<U>(const U)' being compiled
          with
          [
              U=t_atom_long
          ]
  C:\Users\andag\Documents\Max 7\Packages\bach\source\commons\math/bach_rat.hpp(207): note: see reference to function template instantiation 'const t_rat<t_atom_short> t_rat<t_atom_short>::operator +<U>(const U) const' being compiled
          with
          [
              U=t_atom_long
          ]
  C:\Users\andag\Documents\Max 7\Packages\bach\source\commons\math/bach_rat.hpp(207): note: see reference to function template instantiation 'const t_rat<t_atom_short> t_rat<t_atom_short>::operator +<U>(const U) const' being compiled
          with
          [
              U=t_atom_long
          ]
  C:\Users\andag\Documents\Max 7\Packages\bach\source\commons\math/bach_pitch.hpp(256): note: see reference to function template instantiation 'const t_rat<t_atom_short> operator +<t_atom_long>(const U,const t_rat<t_atom_short> &)' being compiled
          with
          [
              U=t_atom_long
          ]
C:\Program Files (x86)\Microsoft Visual Studio\2017\Community\VC\Tools\MSVC\14.11.25503\include\cmath(285): warning C4577: 'noexcept' used with no exception handling mode specified; termination on exception is not guaranteed. Specify /EHsc
  dada.db.h
C:\Program Files (x86)\Microsoft Visual Studio\2017\Community\VC\Tools\MSVC\14.11.25503\include\xlocale(314): warning C4530: C++ exception handler used, but unwind semantics are not enabled. Specify /EHsc
C:\Users\andag\Documents\Max 7\Packages\bach\source\commons\foundation/bach_threads.h(92): warning C4163: '_InterlockedIncrement64': not available as an intrinsic function
C:\Users\andag\Documents\Max 7\Packages\bach\source\commons\foundation/bach_threads.h(93): warning C4163: '_InterlockedDecrement64': not available as an intrinsic function
C:\Users\andag\Documents\Max 7\Packages\bach\source\commons\math/llll_math.h(48): warning C4273: 'cbrt': inconsistent dll linkage
  C:\Program Files (x86)\Windows Kits\10\Include\10.0.10240.0\ucrt\math.h(483): note: see previous definition of 'cbrt'
C:\Users\andag\Documents\Max 7\Packages\bach\source\commons\math/llll_math.h(51): warning C4273: 'exp2': inconsistent dll linkage
  C:\Program Files (x86)\Windows Kits\10\Include\10.0.10240.0\ucrt\math.h(490): note: see previous definition of 'exp2'
C:\Users\andag\Documents\Max 7\Packages\bach\source\commons\math/llll_math.h(53): warning C4273: 'log2': inconsistent dll linkage
  C:\Program Files (x86)\Windows Kits\10\Include\10.0.10240.0\ucrt\math.h(506): note: see previous definition of 'log2'
C:\Users\andag\Documents\Max 7\Packages\bach\source\commons\math/llll_math.h(54): warning C4273: 'acosh': inconsistent dll linkage
  C:\Program Files (x86)\Windows Kits\10\Include\10.0.10240.0\ucrt\math.h(477): note: see previous definition of 'acosh'
C:\Users\andag\Documents\Max 7\Packages\bach\source\commons\math/llll_math.h(55): warning C4273: 'asinh': inconsistent dll linkage
  C:\Program Files (x86)\Windows Kits\10\Include\10.0.10240.0\ucrt\math.h(478): note: see previous definition of 'asinh'
C:\Users\andag\Documents\Max 7\Packages\bach\source\commons\math/llll_math.h(56): warning C4273: 'atanh': inconsistent dll linkage
  C:\Program Files (x86)\Windows Kits\10\Include\10.0.10240.0\ucrt\math.h(479): note: see previous definition of 'atanh'
C:\Users\andag\Documents\Max 7\Packages\bach\source\commons\math/llll_math.h(57): warning C4273: 'round': inconsistent dll linkage
  C:\Program Files (x86)\Windows Kits\10\Include\10.0.10240.0\ucrt\math.h(521): note: see previous definition of 'round'
C:\Users\andag\Documents\Max 7\Packages\bach\source\commons\math/llll_math.h(58): warning C4273: 'trunc': inconsistent dll linkage
  C:\Program Files (x86)\Windows Kits\10\Include\10.0.10240.0\ucrt\math.h(525): note: see previous definition of 'trunc'
C:\Users\andag\Documents\Max 7\Packages\bach\source\commons\parsers/bach_parser.hpp(152): warning C4244: 'argument': conversion from 'long' to 'const t_atom_short', possible loss of data
c:\users\andag\documents\max 7\packages\max-sdk-7.3.3\source\c74support\jit-includes\jit.platform.h(144): warning C4005: 'pascal': macro redefinition
  C:\Program Files (x86)\Microsoft SDKs\Windows\v7.1A\include\windef.h(94): note: see previous definition of 'pascal'
C:\Users\andag\Documents\Max 7\Packages\bach\source\commons\math/bach_rat.hpp(125): warning C4244: '+=': conversion from 't_atom_long' to 't_atom_short', possible loss of data
  C:\Users\andag\Documents\Max 7\Packages\bach\source\commons\math/bach_rat.hpp(166): note: see reference to function template instantiation 't_rat<t_atom_short> &t_rat<t_atom_short>::operator +=<U>(const U)' being compiled
          with
          [
              U=t_atom_long
          ]
  C:\Users\andag\Documents\Max 7\Packages\bach\source\commons\math/bach_rat.hpp(166): note: see reference to function template instantiation 't_rat<t_atom_short> &t_rat<t_atom_short>::operator +=<U>(const U)' being compiled
          with
          [
              U=t_atom_long
          ]
  C:\Users\andag\Documents\Max 7\Packages\bach\source\commons\math/bach_rat.hpp(207): note: see reference to function template instantiation 'const t_rat<t_atom_short> t_rat<t_atom_short>::operator +<U>(const U) const' being compiled
          with
          [
              U=t_atom_long
          ]
  C:\Users\andag\Documents\Max 7\Packages\bach\source\commons\math/bach_rat.hpp(207): note: see reference to function template instantiation 'const t_rat<t_atom_short> t_rat<t_atom_short>::operator +<U>(const U) const' being compiled
          with
          [
              U=t_atom_long
          ]
  C:\Users\andag\Documents\Max 7\Packages\bach\source\commons\math/bach_pitch.hpp(256): note: see reference to function template instantiation 'const t_rat<t_atom_short> operator +<t_atom_long>(const U,const t_rat<t_atom_short> &)' being compiled
          with
          [
              U=t_atom_long
          ]
C:\Program Files (x86)\Microsoft Visual Studio\2017\Community\VC\Tools\MSVC\14.11.25503\include\cstddef(31): warning C4577: 'noexcept' used with no exception handling mode specified; termination on exception is not guaranteed. Specify /EHsc
  dada.db.c
C:\Program Files (x86)\Microsoft Visual Studio\2017\Community\VC\Tools\MSVC\14.11.25503\include\xlocale(314): warning C4530: C++ exception handler used, but unwind semantics are not enabled. Specify /EHsc
C:\Users\andag\Documents\Max 7\Packages\bach\source\commons\foundation/bach_threads.h(92): warning C4163: '_InterlockedIncrement64': not available as an intrinsic function
C:\Users\andag\Documents\Max 7\Packages\bach\source\commons\foundation/bach_threads.h(93): warning C4163: '_InterlockedDecrement64': not available as an intrinsic function
C:\Users\andag\Documents\Max 7\Packages\bach\source\commons\math/llll_math.h(48): warning C4273: 'cbrt': inconsistent dll linkage
  C:\Program Files (x86)\Windows Kits\10\Include\10.0.10240.0\ucrt\math.h(483): note: see previous definition of 'cbrt'
C:\Users\andag\Documents\Max 7\Packages\bach\source\commons\math/llll_math.h(51): warning C4273: 'exp2': inconsistent dll linkage
  C:\Program Files (x86)\Windows Kits\10\Include\10.0.10240.0\ucrt\math.h(490): note: see previous definition of 'exp2'
C:\Users\andag\Documents\Max 7\Packages\bach\source\commons\math/llll_math.h(53): warning C4273: 'log2': inconsistent dll linkage
  C:\Program Files (x86)\Windows Kits\10\Include\10.0.10240.0\ucrt\math.h(506): note: see previous definition of 'log2'
C:\Users\andag\Documents\Max 7\Packages\bach\source\commons\math/llll_math.h(54): warning C4273: 'acosh': inconsistent dll linkage
  C:\Program Files (x86)\Windows Kits\10\Include\10.0.10240.0\ucrt\math.h(477): note: see previous definition of 'acosh'
C:\Users\andag\Documents\Max 7\Packages\bach\source\commons\math/llll_math.h(55): warning C4273: 'asinh': inconsistent dll linkage
  C:\Program Files (x86)\Windows Kits\10\Include\10.0.10240.0\ucrt\math.h(478): note: see previous definition of 'asinh'
C:\Users\andag\Documents\Max 7\Packages\bach\source\commons\math/llll_math.h(56): warning C4273: 'atanh': inconsistent dll linkage
  C:\Program Files (x86)\Windows Kits\10\Include\10.0.10240.0\ucrt\math.h(479): note: see previous definition of 'atanh'
C:\Users\andag\Documents\Max 7\Packages\bach\source\commons\math/llll_math.h(57): warning C4273: 'round': inconsistent dll linkage
  C:\Program Files (x86)\Windows Kits\10\Include\10.0.10240.0\ucrt\math.h(521): note: see previous definition of 'round'
C:\Users\andag\Documents\Max 7\Packages\bach\source\commons\math/llll_math.h(58): warning C4273: 'trunc': inconsistent dll linkage
  C:\Program Files (x86)\Windows Kits\10\Include\10.0.10240.0\ucrt\math.h(525): note: see previous definition of 'trunc'
C:\Users\andag\Documents\Max 7\Packages\bach\source\commons\parsers/bach_parser.hpp(152): warning C4244: 'argument': conversion from 'long' to 'const t_atom_short', possible loss of data
c:\users\andag\documents\max 7\packages\max-sdk-7.3.3\source\c74support\jit-includes\jit.platform.h(144): warning C4005: 'pascal': macro redefinition
  C:\Program Files (x86)\Microsoft SDKs\Windows\v7.1A\include\windef.h(94): note: see previous definition of 'pascal'
..\..\commons\dada.db.c(46): warning C4244: 'return': conversion from 'double' to 'float', possible loss of data
C:\Users\andag\Documents\Max 7\Packages\bach\source\commons\math/bach_rat.hpp(125): warning C4244: '+=': conversion from 't_atom_long' to 't_atom_short', possible loss of data
  C:\Users\andag\Documents\Max 7\Packages\bach\source\commons\math/bach_rat.hpp(166): note: see reference to function template instantiation 't_rat<t_atom_short> &t_rat<t_atom_short>::operator +=<U>(const U)' being compiled
          with
          [
              U=t_atom_long
          ]
  C:\Users\andag\Documents\Max 7\Packages\bach\source\commons\math/bach_rat.hpp(166): note: see reference to function template instantiation 't_rat<t_atom_short> &t_rat<t_atom_short>::operator +=<U>(const U)' being compiled
          with
          [
              U=t_atom_long
          ]
  C:\Users\andag\Documents\Max 7\Packages\bach\source\commons\math/bach_rat.hpp(207): note: see reference to function template instantiation 'const t_rat<t_atom_short> t_rat<t_atom_short>::operator +<U>(const U) const' being compiled
          with
          [
              U=t_atom_long
          ]
  C:\Users\andag\Documents\Max 7\Packages\bach\source\commons\math/bach_rat.hpp(207): note: see reference to function template instantiation 'const t_rat<t_atom_short> t_rat<t_atom_short>::operator +<U>(const U) const' being compiled
          with
          [
              U=t_atom_long
          ]
  C:\Users\andag\Documents\Max 7\Packages\bach\source\commons\math/bach_pitch.hpp(256): note: see reference to function template instantiation 'const t_rat<t_atom_short> operator +<t_atom_long>(const U,const t_rat<t_atom_short> &)' being compiled
          with
          [
              U=t_atom_long
          ]
C:\Program Files (x86)\Microsoft Visual Studio\2017\Community\VC\Tools\MSVC\14.11.25503\include\cstddef(31): warning C4577: 'noexcept' used with no exception handling mode specified; termination on exception is not guaranteed. Specify /EHsc
  Generating Code...
..\vs_stuff\lib_temp\dada.commons.obj : warning LNK4042: object specified more than once; extras ignored
..\vs_stuff\lib_temp\dada.cursors.obj : warning LNK4042: object specified more than once; extras ignored
..\vs_stuff\lib_temp\dada.cursors.data.obj : warning LNK4042: object specified more than once; extras ignored
..\vs_stuff\lib_temp\dada.db.obj : warning LNK4042: object specified more than once; extras ignored
..\vs_stuff\lib_temp\dada.geometry.obj : warning LNK4042: object specified more than once; extras ignored
..\vs_stuff\lib_temp\dada.graphs.obj : warning LNK4042: object specified more than once; extras ignored
..\vs_stuff\lib_temp\dada.inspector.obj : warning LNK4042: object specified more than once; extras ignored
..\vs_stuff\lib_temp\dada.interface.obj : warning LNK4042: object specified more than once; extras ignored
..\vs_stuff\lib_temp\dada.items.obj : warning LNK4042: object specified more than once; extras ignored
..\vs_stuff\lib_temp\dada.math.obj : warning LNK4042: object specified more than once; extras ignored
..\vs_stuff\lib_temp\dada.notation.obj : warning LNK4042: object specified more than once; extras ignored
..\vs_stuff\lib_temp\dada.notation_spectral.obj : warning LNK4042: object specified more than once; extras ignored
..\vs_stuff\lib_temp\dada.object.obj : warning LNK4042: object specified more than once; extras ignored
..\vs_stuff\lib_temp\dada.paint.obj : warning LNK4042: object specified more than once; extras ignored
..\vs_stuff\lib_temp\dada.popupmenu.obj : warning LNK4042: object specified more than once; extras ignored
..\vs_stuff\lib_temp\dada.undo.obj : warning LNK4042: object specified more than once; extras ignored
..\vs_stuff\lib_temp\dada.windows.obj : warning LNK4042: object specified more than once; extras ignored
dada.windows.obj : warning LNK4221: This object file does not define any previously undefined public symbols, so it will not be used by any link operation that consumes this library
dada.undo.obj : warning LNK4221: This object file does not define any previously undefined public symbols, so it will not be used by any link operation that consumes this library
dada.popupmenu.obj : warning LNK4221: This object file does not define any previously undefined public symbols, so it will not be used by any link operation that consumes this library
dada.paint.obj : warning LNK4221: This object file does not define any previously undefined public symbols, so it will not be used by any link operation that consumes this library
dada.object.obj : warning LNK4221: This object file does not define any previously undefined public symbols, so it will not be used by any link operation that consumes this library
dada.notation_spectral.obj : warning LNK4221: This object file does not define any previously undefined public symbols, so it will not be used by any link operation that consumes this library
dada.items.obj : warning LNK4221: This object file does not define any previously undefined public symbols, so it will not be used by any link operation that consumes this library
dada.interface.obj : warning LNK4221: This object file does not define any previously undefined public symbols, so it will not be used by any link operation that consumes this library
dada.inspector.obj : warning LNK4221: This object file does not define any previously undefined public symbols, so it will not be used by any link operation that consumes this library
dada.graphs.obj : warning LNK4221: This object file does not define any previously undefined public symbols, so it will not be used by any link operation that consumes this library
dada.geometry.obj : warning LNK4221: This object file does not define any previously undefined public symbols, so it will not be used by any link operation that consumes this library
dada.db.obj : warning LNK4221: This object file does not define any previously undefined public symbols, so it will not be used by any link operation that consumes this library
dada.cursors.obj : warning LNK4221: This object file does not define any previously undefined public symbols, so it will not be used by any link operation that consumes this library
dada.commons.obj : warning LNK4221: This object file does not define any previously undefined public symbols, so it will not be used by any link operation that consumes this library
  dada_lib.vcxproj -> C:\Users\andag\Documents\Max 7\Packages\dada\source\vs\vs_projects\..\vs_stuff\lib\dada_lib32.lib
